<?xml version="1.0" encoding="utf-8"?>
<shfbBuild product="Sandcastle Help File Builder and Tools" version="2023.7.8.0" projectFile="C:\Users\MethodBox\Documents\obj\AimPlanner.shfbproj" started="2023/7/27 12:51:51">
<buildStep step="Initializing">
The Sandcastle tools are located in &#39;C:\Program Files (x86)\EWSoftware\Sandcastle Help File Builder&#39;
Locating components in the following folder(s):
    C:\Users\MethodBox\Documents\obj
    C:\ProgramData\EWSoftware\Sandcastle Help File Builder\Components and Plug-Ins
    C:\Program Files (x86)\EWSoftware\Sandcastle Help File Builder\Components
Using framework reflection data for &#39;.NET Core/.NET Standard/.NET 5.0+&#39; located in &#39;C:\Program Files (x86)\EWSoftware\Sandcastle Help File Builder\Data\.NET&#39;
Using presentation style &#39;Default2022&#39; located in &#39;C:\Program Files (x86)\EWSoftware\Sandcastle Help File Builder\Components\Default2022&#39;
Loading and initializing plug-ins...
Website Table of Contents Generator Version 2023.7.8.0
Copyright &#169; 2006-2023, Eric Woodruff, All Rights Reserved
-------------------------------
Clearing any prior web/markdown output...
</buildStep>
<buildStep step="ValidatingDocumentationSources">
Validating and copying documentation source information
Source: D:\MethodBox\Projects\MethodBox.MBLog\bin\Debug\net6.0\MethodBox.MBLog.dll
    Found assembly &#39;D:\MethodBox\Projects\MethodBox.MBLog\bin\Debug\net6.0\MethodBox.MBLog.dll&#39;
Source: D:\MethodBox\Projects\MethodBox.MBLog\bin\Debug\net6.0\MethodBox.MBLog.xml

Copying XML comments files
    D:\MethodBox\Projects\MethodBox.MBLog\bin\Debug\net6.0\MethodBox.MBLog.xml -&gt; C:\Users\MethodBox\Documents\obj\Help\Working\MethodBox.MBLog.xml
</buildStep>
<buildStep step="GenerateSharedContent">
Generating shared content files (zh-CN, 中文(简体，中国))...
    Last step completed in 00:00:00.0000
</buildStep>
<buildStep step="GenerateApiFilter">
Generating API filter for MRefBuilder...
    Last step completed in 00:00:00.0030
</buildStep>
<buildStep step="GenerateReflectionInfo">
Generating reflection information...
[C:\Program Files (x86)\Microsoft Visual Studio\2019\BuildTools\MSBuild\Current\Bin\MSBuild.exe - GenerateRefInfo-a1ebb63a-9e8d-4446-a824-ef261e3ac06d.proj]
生成启动时间为 2023/7/27 12:51:52。
节点 1 上的项目“C:\Users\MethodBox\Documents\obj\Help\Working\GenerateRefInfo-a1ebb63a-9e8d-4446-a824-ef261e3ac06d.proj”(默认目标)。
PrepareForBuild:
  正在创建目录“obj\Debug\”。
GenerateBindingRedirects:
  ResolveAssemblyReferences 中没有建议的绑定重定向。
GenerateRefInfo:
  Microsoft.Build (v16.11.2+f3225964253d565862806752e54a7608191a9035)
  ? Microsoft Corporation. All rights reserved.
  No source code context base path specified.  Source context information is unavailable.
  Loaded 1 assemblies for reflection and 1 dependency assemblies.
  Wrote information on 4 namespaces, 19 types, and 49 members
  Merging duplicate type and member information
  Merged 0 duplicate type(s) and 0 duplicate member(s)
已完成生成项目“C:\Users\MethodBox\Documents\obj\Help\Working\GenerateRefInfo-a1ebb63a-9e8d-4446-a824-ef261e3ac06d.proj”(默认目标)的操作。
    Last step completed in 00:00:00.3234
</buildStep>
<buildStep step="ApplyDocumentModel">
Applying document model to reflection output...
    Last step completed in 00:00:00.0113
</buildStep>
<buildStep step="AddApiTopicFilenames">
Adding topic filenames to API members...
    Last step completed in 00:00:00.0181
</buildStep>
<buildStep step="GenerateApiTopicManifest">
Generating API topic manifest...
    Last step completed in 00:00:00.0152
</buildStep>
<buildStep step="GenerateNamespaceSummaries">
Generating namespace summary information...
    Last step completed in 00:00:00.0019
</buildStep>
<buildStep step="CopyAdditionalContent">
Copying additional content files...
No additional content to copy
    Last step completed in 00:00:00.0000
</buildStep>
<buildStep step="MergeTablesOfContents">
Merging conceptual and additional tables of contents...
    Last step completed in 00:00:00.0000
</buildStep>
<buildStep step="GenerateIntermediateTableOfContents">
Generating intermediate table of contents file for API content...
Generating conceptual content intermediate TOC file...
    Last step completed in 00:00:00.0117
</buildStep>
<buildStep step="CreateBuildAssemblerConfigs">
Creating Sandcastle configuration files...
    Last step completed in 00:00:00.0255
</buildStep>
<buildStep step="CombiningIntermediateTocFiles">
Combining conceptual and API intermediate TOC files...
    Last step completed in 00:00:00.0000
</buildStep>
<buildStep step="MergeCustomConfigs">
Merging custom build component configurations
C:\Users\MethodBox\Documents\obj\Help\Working\BuildAssembler.config
  Updating reference topic configurations.
  No conceptual content.  Removing conceptual content components.
    Last step completed in 00:00:00.0108
</buildStep>
<buildStep step="BuildTopics">
Building help topics...
<plugIn name="Website Table of Contents Generator" behavior="Before" priority="1000">
Loading TOC info and adding unique IDs to parent nodes
</plugIn>Loading configuration...
Processing topics...
SHFB: Warning BE0066: ShowMissingComponent: [N:MethodBox.MBLog] Missing &lt;summary&gt; documentation
SHFB: Warning BE0066: ShowMissingComponent: [N:MethodBox.MBLog.DataType] Missing &lt;summary&gt; documentation
SHFB: Warning BE0066: ShowMissingComponent: [N:MethodBox.MBLog.Logging] Missing &lt;summary&gt; documentation
SHFB: Warning BE0066: ShowMissingComponent: [N:MethodBox.MBLog.Web] Missing &lt;summary&gt; documentation
SHFB: Warning BE0066: ShowMissingComponent: [M:MethodBox.MBLog.Web.WebRequest.SendLogString(System.String,System.String)] Missing &lt;returns&gt; documentation
TopicTransformation: [M:MethodBox.MBLog.Web.WebRequest.SendLogString(System.String,System.String)] Unhandled transformation element: exception  Parent element: example
Processed 80 topic(s)
5 warning(s)
CopyFromIndexComponent: &quot;reflection&quot; in-memory cache entries used: 2 of 15.
CopyFromIndexComponent: &quot;comments&quot; in-memory cache entries used: 2 of 30.
<plugIn name="Website Table of Contents Generator" behavior="After" priority="1000">
Generating TOC fragment files
</plugIn>    Last step completed in 00:00:00.8536
</buildStep>
<buildStep step="CopyStandardHelpContent">
Copying standard help content...
C:\Program Files (x86)\EWSoftware\Sandcastle Help File Builder\Components\Default2022\css\bulma.css -&gt; C:\Users\MethodBox\Documents\obj\Help\Working\Output\Website\css\bulma.css
C:\Program Files (x86)\EWSoftware\Sandcastle Help File Builder\Components\Default2022\css\bulma.css.map -&gt; C:\Users\MethodBox\Documents\obj\Help\Working\Output\Website\css\bulma.css.map
C:\Program Files (x86)\EWSoftware\Sandcastle Help File Builder\Components\Default2022\css\bulma.min.css -&gt; C:\Users\MethodBox\Documents\obj\Help\Working\Output\Website\css\bulma.min.css
C:\Program Files (x86)\EWSoftware\Sandcastle Help File Builder\Components\Default2022\css\font-awesome.css -&gt; C:\Users\MethodBox\Documents\obj\Help\Working\Output\Website\css\font-awesome.css
C:\Program Files (x86)\EWSoftware\Sandcastle Help File Builder\Components\Default2022\css\font-awesome.min.css -&gt; C:\Users\MethodBox\Documents\obj\Help\Working\Output\Website\css\font-awesome.min.css
C:\Program Files (x86)\EWSoftware\Sandcastle Help File Builder\Components\Default2022\css\ja-JP.css -&gt; C:\Users\MethodBox\Documents\obj\Help\Working\Output\Website\css\ja-JP.css
C:\Program Files (x86)\EWSoftware\Sandcastle Help File Builder\Components\Default2022\css\ko-KR.css -&gt; C:\Users\MethodBox\Documents\obj\Help\Working\Output\Website\css\ko-KR.css
C:\Program Files (x86)\EWSoftware\Sandcastle Help File Builder\Components\Default2022\css\presentationStyle.css -&gt; C:\Users\MethodBox\Documents\obj\Help\Working\Output\Website\css\presentationStyle.css
C:\Program Files (x86)\EWSoftware\Sandcastle Help File Builder\Components\Default2022\css\vs.min.css -&gt; C:\Users\MethodBox\Documents\obj\Help\Working\Output\Website\css\vs.min.css
C:\Program Files (x86)\EWSoftware\Sandcastle Help File Builder\Components\Default2022\css\zh-CN.css -&gt; C:\Users\MethodBox\Documents\obj\Help\Working\Output\Website\css\zh-CN.css
C:\Program Files (x86)\EWSoftware\Sandcastle Help File Builder\Components\Default2022\css\zh-TW.css -&gt; C:\Users\MethodBox\Documents\obj\Help\Working\Output\Website\css\zh-TW.css
C:\Program Files (x86)\EWSoftware\Sandcastle Help File Builder\Components\Default2022\icons\favicon.ico -&gt; C:\Users\MethodBox\Documents\obj\Help\Working\Output\Website\icons\favicon.ico
C:\Program Files (x86)\EWSoftware\Sandcastle Help File Builder\Components\Default2022\scripts\clipboard.min.js -&gt; C:\Users\MethodBox\Documents\obj\Help\Working\Output\Website\scripts\clipboard.min.js
C:\Program Files (x86)\EWSoftware\Sandcastle Help File Builder\Components\Default2022\scripts\highlight.min.js -&gt; C:\Users\MethodBox\Documents\obj\Help\Working\Output\Website\scripts\highlight.min.js
C:\Program Files (x86)\EWSoftware\Sandcastle Help File Builder\Components\Default2022\scripts\jquery-3.5.1.min.js -&gt; C:\Users\MethodBox\Documents\obj\Help\Working\Output\Website\scripts\jquery-3.5.1.min.js
C:\Program Files (x86)\EWSoftware\Sandcastle Help File Builder\Components\Default2022\scripts\presentationStyle.js -&gt; C:\Users\MethodBox\Documents\obj\Help\Working\Output\Website\scripts\presentationStyle.js
C:\Program Files (x86)\EWSoftware\Sandcastle Help File Builder\Components\Default2022\webfonts\fa-brands-400.ttf -&gt; C:\Users\MethodBox\Documents\obj\Help\Working\Output\Website\webfonts\fa-brands-400.ttf
C:\Program Files (x86)\EWSoftware\Sandcastle Help File Builder\Components\Default2022\webfonts\fa-brands-400.woff2 -&gt; C:\Users\MethodBox\Documents\obj\Help\Working\Output\Website\webfonts\fa-brands-400.woff2
C:\Program Files (x86)\EWSoftware\Sandcastle Help File Builder\Components\Default2022\webfonts\fa-regular-400.ttf -&gt; C:\Users\MethodBox\Documents\obj\Help\Working\Output\Website\webfonts\fa-regular-400.ttf
C:\Program Files (x86)\EWSoftware\Sandcastle Help File Builder\Components\Default2022\webfonts\fa-regular-400.woff2 -&gt; C:\Users\MethodBox\Documents\obj\Help\Working\Output\Website\webfonts\fa-regular-400.woff2
C:\Program Files (x86)\EWSoftware\Sandcastle Help File Builder\Components\Default2022\webfonts\fa-solid-900.ttf -&gt; C:\Users\MethodBox\Documents\obj\Help\Working\Output\Website\webfonts\fa-solid-900.ttf
C:\Program Files (x86)\EWSoftware\Sandcastle Help File Builder\Components\Default2022\webfonts\fa-solid-900.woff2 -&gt; C:\Users\MethodBox\Documents\obj\Help\Working\Output\Website\webfonts\fa-solid-900.woff2
C:\Program Files (x86)\EWSoftware\Sandcastle Help File Builder\Components\Default2022\webfonts\fa-v4compatibility.ttf -&gt; C:\Users\MethodBox\Documents\obj\Help\Working\Output\Website\webfonts\fa-v4compatibility.ttf
C:\Program Files (x86)\EWSoftware\Sandcastle Help File Builder\Components\Default2022\webfonts\fa-v4compatibility.woff2 -&gt; C:\Users\MethodBox\Documents\obj\Help\Working\Output\Website\webfonts\fa-v4compatibility.woff2
C:\Program Files (x86)\EWSoftware\Sandcastle Help File Builder\Components\Default2022\RootWebsiteContent\GeneralError.html -&gt; C:\Users\MethodBox\Documents\obj\Help\Working\Output\Website\GeneralError.html
C:\Program Files (x86)\EWSoftware\Sandcastle Help File Builder\Components\Default2022\RootWebsiteContent\index.html -&gt; C:\Users\MethodBox\Documents\obj\Help\Working\Output\Website\index.html
C:\Program Files (x86)\EWSoftware\Sandcastle Help File Builder\Components\Default2022\RootWebsiteContent\PageNotFound.html -&gt; C:\Users\MethodBox\Documents\obj\Help\Working\Output\Website\PageNotFound.html
C:\Program Files (x86)\EWSoftware\Sandcastle Help File Builder\Components\Default2022\RootWebsiteContent\search.html -&gt; C:\Users\MethodBox\Documents\obj\Help\Working\Output\Website\search.html
C:\Program Files (x86)\EWSoftware\Sandcastle Help File Builder\Components\Default2022\RootWebsiteContent\SearchHelp.aspx -&gt; C:\Users\MethodBox\Documents\obj\Help\Working\Output\Website\SearchHelp.aspx
C:\Program Files (x86)\EWSoftware\Sandcastle Help File Builder\Components\Default2022\RootWebsiteContent\SearchHelp.inc.php -&gt; C:\Users\MethodBox\Documents\obj\Help\Working\Output\Website\SearchHelp.inc.php
C:\Program Files (x86)\EWSoftware\Sandcastle Help File Builder\Components\Default2022\RootWebsiteContent\SearchHelp.php -&gt; C:\Users\MethodBox\Documents\obj\Help\Working\Output\Website\SearchHelp.php
C:\Program Files (x86)\EWSoftware\Sandcastle Help File Builder\Components\Default2022\RootWebsiteContent\Web.Config -&gt; C:\Users\MethodBox\Documents\obj\Help\Working\Output\Website\Web.Config
    Last step completed in 00:00:00.0163
</buildStep>
<buildStep step="GenerateFullTextIndex">
Generating full-text index for the website...

    Last step completed in 00:00:00.0430
</buildStep>
<buildStep step="CopyingWebsiteFiles">
Copying website files to output folder...

Copied 239 files for the website content
    Last step completed in 00:00:00.0880
</buildStep>
<buildStep step="CleanIntermediates">
Removing intermediate files...
    Last step completed in 00:00:00.0176
</buildStep>
<buildStep step="Completed">

Build completed successfully at 2023/7/27 12:51:53.  Total time: 00:00:01.6710

</buildStep>
</shfbBuild>
